18:09:52.851 [main] INFO  org.testng.internal.Utils - [TestNG] Running:
  C:\Users\tapas\eclipse-workspace\OpenCartFW\grouping.xml

18:13:14.883 [main] INFO  org.testng.internal.Utils - [TestNG] Running:
  C:\Users\tapas\eclipse-workspace\OpenCartFW\grouping.xml

18:28:45.478 [main] INFO  org.testng.internal.Utils - [TestNG] Running:
  C:\Users\tapas\eclipse-workspace\OpenCartFW\grouping.xml

18:33:44.195 [main] INFO  org.testng.internal.Utils - [TestNG] Running:
  C:\Users\tapas\eclipse-workspace\OpenCartFW\grouping.xml

18:35:53.544 [main] INFO  org.testng.internal.Utils - [TestNG] Running:
  C:\Users\tapas\eclipse-workspace\OpenCartFW\grouping.xml

18:37:16.877 [main] INFO  org.testng.internal.Utils - [TestNG] Running:
  C:\Users\tapas\eclipse-workspace\OpenCartFW\grouping.xml

18:39:01.532 [main] INFO  org.testng.internal.Utils - [TestNG] Running:
  C:\Users\tapas\eclipse-workspace\OpenCartFW\grouping.xml

18:42:14.867 [main] INFO  org.testng.internal.Utils - [TestNG] Running:
  C:\Users\tapas\eclipse-workspace\OpenCartFW\grouping.xml

18:43:36.983 [main] INFO  org.testng.internal.Utils - [TestNG] Running:
  C:\Users\tapas\eclipse-workspace\OpenCartFW\master.xml

18:43:38.586 [main] INFO  testcases.TC01_RegisterTest - Chrome Browser Launched
18:43:40.808 [main] INFO  testcases.TC01_RegisterTest - Navigated to url
18:43:40.825 [main] INFO  testcases.TC01_RegisterTest - TC01 Started
18:43:47.482 [main] INFO  testcases.TC01_RegisterTest - Browser Closed
18:43:48.596 [main] INFO  testcases.TC02_LoginTest - Chrome Browser Launched
18:43:50.944 [main] INFO  testcases.TC02_LoginTest - Navigated to url
18:43:50.948 [main] INFO  testcases.TC02_LoginTest - ****TC02 Started*******
18:43:52.406 [main] INFO  testcases.TC02_LoginTest - Login Successful
18:43:52.406 [main] INFO  testcases.TC02_LoginTest - ****TC02 Completed*******
18:43:52.559 [main] INFO  testcases.TC02_LoginTest - Browser Closed
18:43:53.554 [main] INFO  testcases.TC03_LoginDDT - Chrome Browser Launched
18:43:55.580 [main] INFO  testcases.TC03_LoginDDT - Navigated to url
18:43:56.313 [main] INFO  testcases.TC03_LoginDDT - ****TC03 Started*******
18:43:57.795 [main] INFO  testcases.TC03_LoginDDT - Login Successful
18:43:58.353 [main] INFO  testcases.TC03_LoginDDT - ****TC03 Completed*******
18:43:58.357 [main] INFO  testcases.TC03_LoginDDT - ****TC03 Started*******
18:44:04.469 [main] INFO  testcases.TC03_LoginDDT - Login Failed
18:44:04.644 [main] INFO  testcases.TC03_LoginDDT - ****TC03 Started*******
18:44:10.909 [main] INFO  testcases.TC03_LoginDDT - Login Failed
18:44:11.067 [main] INFO  testcases.TC03_LoginDDT - ****TC03 Started*******
18:44:17.573 [main] INFO  testcases.TC03_LoginDDT - Login Failed
18:44:17.968 [main] INFO  testcases.TC03_LoginDDT - Browser Closed
18:45:24.733 [main] INFO  org.testng.internal.Utils - [TestNG] Running:
  C:\Users\tapas\eclipse-workspace\OpenCartFW\grouping.xml

18:45:26.421 [main] INFO  testcases.TC01_RegisterTest - Chrome Browser Launched
18:45:28.476 [main] INFO  testcases.TC01_RegisterTest - Navigated to url
18:45:28.490 [main] INFO  testcases.TC01_RegisterTest - TC01 Started
18:45:28.681 [main] INFO  testcases.TC01_RegisterTest - Browser Closed
18:48:04.027 [main] INFO  org.testng.internal.Utils - [TestNG] Running:
  C:\Users\tapas\eclipse-workspace\OpenCartFW\grouping.xml

18:48:05.630 [main] INFO  testcases.TC01_RegisterTest - Chrome Browser Launched
18:48:08.347 [main] INFO  testcases.TC01_RegisterTest - Navigated to url
18:48:08.370 [main] INFO  testcases.TC01_RegisterTest - TC01 Started
18:48:15.117 [main] INFO  testcases.TC01_RegisterTest - TC01 Started
18:48:15.117 [main] INFO  testcases.TC01_RegisterTest - Demo Test
18:48:15.337 [main] INFO  testcases.TC01_RegisterTest - Browser Closed
22:12:21.250 [main] INFO  org.testng.internal.Utils - [TestNG] Running:
  C:\Users\tapas\eclipse-workspace\OpenCartFW\grid-docker.xml

22:12:24.452 [main] INFO  testcases.TC01_RegisterTest - Chrome Browser Launched
22:12:25.419 [main] INFO  testcases.TC01_RegisterTest - Navigated to url
22:12:25.452 [main] INFO  testcases.TC01_RegisterTest - TC01 Started
22:12:33.197 [main] INFO  testcases.TC01_RegisterTest - TC01 Started
22:12:33.197 [main] INFO  testcases.TC01_RegisterTest - Demo Test
22:12:33.421 [main] INFO  testcases.TC01_RegisterTest - Browser Closed
22:13:16.553 [main] INFO  org.testng.internal.Utils - [TestNG] Running:
  C:\Users\tapas\eclipse-workspace\OpenCartFW\grid-docker.xml

22:13:21.222 [main] INFO  testcases.TC01_RegisterTest - Navigated to url
22:13:21.236 [main] INFO  testcases.TC01_RegisterTest - TC01 Started
22:13:27.965 [main] INFO  testcases.TC01_RegisterTest - TC01 Started
22:13:27.965 [main] INFO  testcases.TC01_RegisterTest - Demo Test
22:13:28.125 [main] INFO  testcases.TC01_RegisterTest - Browser Closed
22:15:12.644 [main] INFO  org.testng.internal.Utils - [TestNG] Running:
  C:\Users\tapas\eclipse-workspace\OpenCartFW\grid-docker.xml

22:19:06.890 [main] INFO  org.testng.internal.Utils - [TestNG] Running:
  C:\Users\tapas\eclipse-workspace\OpenCartFW\grid-docker.xml

22:19:10.520 [main] INFO  testcases.TC02_LoginTest - Navigated to url
22:19:10.543 [main] INFO  testcases.TC02_LoginTest - ****TC02 Started*******
22:19:12.138 [main] INFO  testcases.TC02_LoginTest - Login Successful
22:19:12.138 [main] INFO  testcases.TC02_LoginTest - ****TC02 Completed*******
22:19:12.301 [main] INFO  testcases.TC02_LoginTest - Browser Closed
22:19:14.915 [main] INFO  testcases.TC03_LoginDDT - Navigated to url
22:19:16.688 [main] INFO  testcases.TC03_LoginDDT - ****TC03 Started*******
22:19:18.368 [main] INFO  testcases.TC03_LoginDDT - Login Successful
22:19:19.300 [main] INFO  testcases.TC03_LoginDDT - ****TC03 Completed*******
22:19:19.307 [main] INFO  testcases.TC03_LoginDDT - ****TC03 Started*******
22:19:20.761 [main] INFO  testcases.TC03_LoginDDT - Login Failed
22:19:20.805 [main] INFO  testcases.TC03_LoginDDT - ****TC03 Started*******
22:19:20.844 [main] INFO  testcases.TC03_LoginDDT - ****TC03 Started*******
22:19:20.908 [main] INFO  testcases.TC03_LoginDDT - Browser Closed
22:21:46.506 [main] INFO  org.testng.internal.Utils - [TestNG] Running:
  C:\Users\tapas\eclipse-workspace\OpenCartFW\grid-docker.xml

23:02:03.349 [main] INFO  org.testng.internal.Utils - [TestNG] Running:
  C:\Users\tapas\eclipse-workspace\OpenCartFW\grid-docker.xml

23:02:08.175 [main] INFO  testcases.TC02_LoginTest - Navigated to url
23:02:08.190 [main] INFO  testcases.TC02_LoginTest - ****TC02 Started*******
23:02:09.894 [main] INFO  testcases.TC02_LoginTest - Login Successful
23:02:09.894 [main] INFO  testcases.TC02_LoginTest - ****TC02 Completed*******
23:02:10.047 [main] INFO  testcases.TC02_LoginTest - Browser Closed
23:02:12.374 [main] INFO  testcases.TC03_LoginDDT - Navigated to url
23:02:13.196 [main] INFO  testcases.TC03_LoginDDT - ****TC03 Started*******
23:02:14.913 [main] INFO  testcases.TC03_LoginDDT - Login Successful
23:02:15.476 [main] INFO  testcases.TC03_LoginDDT - ****TC03 Completed*******
23:02:15.502 [main] INFO  testcases.TC03_LoginDDT - ****TC03 Started*******
23:02:16.959 [main] INFO  testcases.TC03_LoginDDT - Login Failed
23:02:17.001 [main] INFO  testcases.TC03_LoginDDT - ****TC03 Started*******
23:02:17.059 [main] INFO  testcases.TC03_LoginDDT - ****TC03 Started*******
23:02:17.138 [main] INFO  testcases.TC03_LoginDDT - Browser Closed
16:45:58.614 [main] INFO  testcases.TC01_RegisterTest - Chrome Browser Launched
16:46:00.344 [main] INFO  testcases.TC01_RegisterTest - Navigated to url
16:46:00.353 [main] INFO  testcases.TC01_RegisterTest - TC01 Started
16:46:06.456 [main] INFO  testcases.TC01_RegisterTest - TC01 Started
16:46:06.456 [main] INFO  testcases.TC01_RegisterTest - Demo Test
16:46:06.582 [main] INFO  testcases.TC01_RegisterTest - Browser Closed
16:46:07.413 [main] INFO  testcases.TC02_LoginTest - Chrome Browser Launched
16:46:09.098 [main] INFO  testcases.TC02_LoginTest - Navigated to url
16:46:09.098 [main] INFO  testcases.TC02_LoginTest - ****TC02 Started*******
16:46:10.315 [main] INFO  testcases.TC02_LoginTest - Login Successful
16:46:10.315 [main] INFO  testcases.TC02_LoginTest - ****TC02 Completed*******
16:46:10.440 [main] INFO  testcases.TC02_LoginTest - Browser Closed
16:55:27.898 [main] INFO  testcases.TC01_RegisterTest - Chrome Browser Launched
16:55:29.988 [main] INFO  testcases.TC01_RegisterTest - Navigated to url
16:55:29.996 [main] INFO  testcases.TC01_RegisterTest - TC01 Started
16:55:36.078 [main] INFO  testcases.TC01_RegisterTest - TC01 Started
16:55:36.078 [main] INFO  testcases.TC01_RegisterTest - Demo Test
16:55:36.282 [main] INFO  testcases.TC01_RegisterTest - Browser Closed
16:55:37.266 [main] INFO  testcases.TC02_LoginTest - Chrome Browser Launched
16:55:39.181 [main] INFO  testcases.TC02_LoginTest - Navigated to url
16:55:39.181 [main] INFO  testcases.TC02_LoginTest - ****TC02 Started*******
16:55:40.429 [main] INFO  testcases.TC02_LoginTest - Login Successful
16:55:40.429 [main] INFO  testcases.TC02_LoginTest - ****TC02 Completed*******
16:55:40.574 [main] INFO  testcases.TC02_LoginTest - Browser Closed
17:24:18.327 [main] INFO  testcases.TC01_RegisterTest - Chrome Browser Launched
17:24:20.137 [main] INFO  testcases.TC01_RegisterTest - Navigated to url
17:24:20.146 [main] INFO  testcases.TC01_RegisterTest - TC01 Started
17:24:26.256 [main] INFO  testcases.TC01_RegisterTest - TC01 Started
17:24:26.256 [main] INFO  testcases.TC01_RegisterTest - Demo Test
17:24:26.379 [main] INFO  testcases.TC01_RegisterTest - Browser Closed
17:24:27.267 [main] INFO  testcases.TC02_LoginTest - Chrome Browser Launched
17:24:29.042 [main] INFO  testcases.TC02_LoginTest - Navigated to url
17:24:29.042 [main] INFO  testcases.TC02_LoginTest - ****TC02 Started*******
17:24:30.286 [main] INFO  testcases.TC02_LoginTest - Login Successful
17:24:30.286 [main] INFO  testcases.TC02_LoginTest - ****TC02 Completed*******
17:24:30.433 [main] INFO  testcases.TC02_LoginTest - Browser Closed
17:27:52.420 [main] INFO  testcases.TC01_RegisterTest - Chrome Browser Launched
17:27:53.053 [main] INFO  testcases.TC01_RegisterTest - Navigated to url
17:27:53.064 [main] INFO  testcases.TC01_RegisterTest - TC01 Started
17:28:00.185 [main] INFO  testcases.TC01_RegisterTest - TC01 Started
17:28:00.185 [main] INFO  testcases.TC01_RegisterTest - Demo Test
17:28:00.287 [main] INFO  testcases.TC01_RegisterTest - Browser Closed
17:28:01.211 [main] INFO  testcases.TC02_LoginTest - Chrome Browser Launched
17:28:03.292 [main] INFO  testcases.TC02_LoginTest - Navigated to url
17:28:03.292 [main] INFO  testcases.TC02_LoginTest - ****TC02 Started*******
17:28:04.546 [main] INFO  testcases.TC02_LoginTest - Login Successful
17:28:04.546 [main] INFO  testcases.TC02_LoginTest - ****TC02 Completed*******
17:28:04.709 [main] INFO  testcases.TC02_LoginTest - Browser Closed
17:31:18.955 [main] INFO  testcases.TC01_RegisterTest - Chrome Browser Launched
17:31:19.799 [main] INFO  testcases.TC01_RegisterTest - Navigated to url
17:31:19.809 [main] INFO  testcases.TC01_RegisterTest - TC01 Started
17:31:21.032 [main] INFO  testcases.TC01_RegisterTest - TC01 Started
17:31:21.032 [main] INFO  testcases.TC01_RegisterTest - Demo Test
17:31:21.128 [main] INFO  testcases.TC01_RegisterTest - Browser Closed
17:31:22.042 [main] INFO  testcases.TC02_LoginTest - Chrome Browser Launched
17:31:23.526 [main] INFO  testcases.TC02_LoginTest - Navigated to url
17:31:23.527 [main] INFO  testcases.TC02_LoginTest - ****TC02 Started*******
17:31:23.628 [main] INFO  testcases.TC02_LoginTest - Browser Closed
